[1219/184018.689:ERROR:directory_reader_win.cc(43)] FindFirstFile: The system cannot find the path specified. (0x3)
[1225/101144.375:ERROR:directory_reader_win.cc(43)] FindFirstFile: The system cannot find the path specified. (0x3)
[1227/101327.917:ERROR:directory_reader_win.cc(43)] FindFirstFile: The system cannot find the path specified. (0x3)
[1227/222848.447:ERROR:process_reader_win.cc(151)] SuspendThread: Access is denied. (0x5)
[1227/222848.448:ERROR:process_reader_win.cc(151)] SuspendThread: Access is denied. (0x5)
[1227/222848.448:ERROR:process_reader_win.cc(151)] SuspendThread: Access is denied. (0x5)
[1227/222848.448:ERROR:process_reader_win.cc(151)] SuspendThread: Access is denied. (0x5)
[1227/222848.448:ERROR:process_reader_win.cc(151)] SuspendThread: Access is denied. (0x5)
[1227/222848.449:ERROR:process_reader_win.cc(123)] NtOpenThread: {Access Denied} A process has requested access to an object, but has not been granted those access rights. (0xc0000022)
[1227/222848.451:ERROR:exception_snapshot_win.cc(99)] thread ID 21156 not found in process
[1227/222848.448:ERROR:process_reader_win.cc(123)] NtOpenThread: {Access Denied} A process has requested access to an object, but has not been granted those access rights. (0xc0000022)
[1227/222848.452:ERROR:exception_snapshot_win.cc(99)] thread ID 9624 not found in process
[1227/222848.461:ERROR:process_reader_win.cc(151)] SuspendThread: Access is denied. (0x5)
[1227/222848.461:ERROR:process_reader_win.cc(151)] SuspendThread: Access is denied. (0x5)
[1227/222848.461:ERROR:process_reader_win.cc(123)] NtOpenThread: {Access Denied} A process has requested access to an object, but has not been granted those access rights. (0xc0000022)
[1227/222848.461:ERROR:exception_snapshot_win.cc(99)] thread ID 18668 not found in process
[1227/222848.475:ERROR:process_reader_win.cc(151)] SuspendThread: Access is denied. (0x5)
[1227/222848.476:ERROR:process_reader_win.cc(151)] SuspendThread: Access is denied. (0x5)
[1227/222848.476:ERROR:process_reader_win.cc(151)] SuspendThread: Access is denied. (0x5)
[1227/222848.476:ERROR:process_reader_win.cc(123)] NtOpenThread: {Access Denied} A process has requested access to an object, but has not been granted those access rights. (0xc0000022)
[1227/222848.476:ERROR:exception_snapshot_win.cc(99)] thread ID 14436 not found in process
[1227/222848.490:ERROR:process_reader_win.cc(151)] SuspendThread: Access is denied. (0x5)
[1227/222848.490:ERROR:process_reader_win.cc(151)] SuspendThread: Access is denied. (0x5)
[1227/222848.490:ERROR:process_reader_win.cc(151)] SuspendThread: Access is denied. (0x5)
[1227/222848.490:ERROR:process_reader_win.cc(151)] SuspendThread: Access is denied. (0x5)
[1227/222848.490:ERROR:process_reader_win.cc(151)] SuspendThread: Access is denied. (0x5)
[1227/222848.490:ERROR:process_reader_win.cc(151)] SuspendThread: Access is denied. (0x5)
[1227/222848.490:ERROR:process_reader_win.cc(151)] SuspendThread: Access is denied. (0x5)
[1227/222848.490:ERROR:process_reader_win.cc(151)] SuspendThread: Access is denied. (0x5)
[1227/222848.490:ERROR:process_reader_win.cc(151)] SuspendThread: Access is denied. (0x5)
[1227/222848.490:ERROR:process_reader_win.cc(151)] SuspendThread: Access is denied. (0x5)
[1227/222848.490:ERROR:process_reader_win.cc(151)] SuspendThread: Access is denied. (0x5)
[1227/222848.490:ERROR:process_reader_win.cc(151)] SuspendThread: Access is denied. (0x5)
[1227/222848.491:ERROR:process_reader_win.cc(151)] SuspendThread: Access is denied. (0x5)
[1227/222848.491:ERROR:process_reader_win.cc(123)] NtOpenThread: {Access Denied} A process has requested access to an object, but has not been granted those access rights. (0xc0000022)
[1227/222848.491:ERROR:exception_snapshot_win.cc(99)] thread ID 11480 not found in process
[1227/222848.520:ERROR:process_reader_win.cc(151)] SuspendThread: Access is denied. (0x5)
[1227/222848.520:ERROR:process_reader_win.cc(151)] SuspendThread: Access is denied. (0x5)
[1227/222848.520:ERROR:process_reader_win.cc(151)] SuspendThread: Access is denied. (0x5)
[1227/222848.520:ERROR:process_reader_win.cc(151)] SuspendThread: Access is denied. (0x5)
[1227/222848.521:ERROR:process_reader_win.cc(151)] SuspendThread: Access is denied. (0x5)
[1227/222848.521:ERROR:process_reader_win.cc(151)] SuspendThread: Access is denied. (0x5)
[1227/222848.521:ERROR:process_reader_win.cc(151)] SuspendThread: Access is denied. (0x5)
[1227/222848.521:ERROR:process_reader_win.cc(151)] SuspendThread: Access is denied. (0x5)
[1227/222848.521:ERROR:process_reader_win.cc(151)] SuspendThread: Access is denied. (0x5)
[1227/222848.521:ERROR:process_reader_win.cc(151)] SuspendThread: Access is denied. (0x5)
[1227/222848.521:ERROR:process_reader_win.cc(151)] SuspendThread: Access is denied. (0x5)
[1227/222848.521:ERROR:process_reader_win.cc(151)] SuspendThread: Access is denied. (0x5)
[1227/222848.521:ERROR:process_reader_win.cc(151)] SuspendThread: Access is denied. (0x5)
[1227/222848.521:ERROR:process_reader_win.cc(123)] NtOpenThread: {Access Denied} A process has requested access to an object, but has not been granted those access rights. (0xc0000022)
[1227/222848.521:ERROR:exception_snapshot_win.cc(99)] thread ID 12396 not found in process
[1227/222848.526:ERROR:process_reader_win.cc(151)] SuspendThread: Access is denied. (0x5)
[1227/222848.526:ERROR:process_reader_win.cc(151)] SuspendThread: Access is denied. (0x5)
[1227/222848.526:ERROR:process_reader_win.cc(151)] SuspendThread: Access is denied. (0x5)
[1227/222848.526:ERROR:process_reader_win.cc(151)] SuspendThread: Access is denied. (0x5)
[1227/222848.526:ERROR:process_reader_win.cc(151)] SuspendThread: Access is denied. (0x5)
[1227/222848.526:ERROR:process_reader_win.cc(151)] SuspendThread: Access is denied. (0x5)
[1227/222848.526:ERROR:process_reader_win.cc(151)] SuspendThread: Access is denied. (0x5)
[1227/222848.526:ERROR:process_reader_win.cc(151)] SuspendThread: Access is denied. (0x5)
[1227/222848.526:ERROR:process_reader_win.cc(151)] SuspendThread: Access is denied. (0x5)
[1227/222848.526:ERROR:process_reader_win.cc(151)] SuspendThread: Access is denied. (0x5)
[1227/222848.526:ERROR:process_reader_win.cc(151)] SuspendThread: Access is denied. (0x5)
[1227/222848.526:ERROR:process_reader_win.cc(151)] SuspendThread: Access is denied. (0x5)
[1227/222848.526:ERROR:process_reader_win.cc(151)] SuspendThread: Access is denied. (0x5)
[1227/222848.526:ERROR:process_reader_win.cc(151)] SuspendThread: Access is denied. (0x5)
[1227/222848.526:ERROR:process_reader_win.cc(151)] SuspendThread: Access is denied. (0x5)
[1227/222848.526:ERROR:process_reader_win.cc(151)] SuspendThread: Access is denied. (0x5)
[1227/222848.526:ERROR:process_reader_win.cc(151)] SuspendThread: Access is denied. (0x5)
[1227/222848.526:ERROR:process_reader_win.cc(123)] NtOpenThread: {Access Denied} A process has requested access to an object, but has not been granted those access rights. (0xc0000022)
[1227/222848.526:ERROR:exception_snapshot_win.cc(99)] thread ID 20228 not found in process
[1227/222848.526:ERROR:process_reader_win.cc(151)] SuspendThread: Access is denied. (0x5)
[1227/222848.527:ERROR:process_reader_win.cc(151)] SuspendThread: Access is denied. (0x5)
[1227/222848.527:ERROR:process_reader_win.cc(151)] SuspendThread: Access is denied. (0x5)
[1227/222848.527:ERROR:process_reader_win.cc(151)] SuspendThread: Access is denied. (0x5)
[1227/222848.527:ERROR:process_reader_win.cc(151)] SuspendThread: Access is denied. (0x5)
[1227/222848.527:ERROR:process_reader_win.cc(151)] SuspendThread: Access is denied. (0x5)
[1227/222848.527:ERROR:process_reader_win.cc(151)] SuspendThread: Access is denied. (0x5)
[1227/222848.527:ERROR:process_reader_win.cc(151)] SuspendThread: Access is denied. (0x5)
[1227/222848.527:ERROR:process_reader_win.cc(151)] SuspendThread: Access is denied. (0x5)
[1227/222848.527:ERROR:process_reader_win.cc(151)] SuspendThread: Access is denied. (0x5)
[1227/222848.527:ERROR:process_reader_win.cc(151)] SuspendThread: Access is denied. (0x5)
[1227/222848.527:ERROR:process_reader_win.cc(151)] SuspendThread: Access is denied. (0x5)
[1227/222848.528:ERROR:process_reader_win.cc(151)] SuspendThread: Access is denied. (0x5)
[1227/222848.528:ERROR:process_reader_win.cc(123)] NtOpenThread: {Access Denied} A process has requested access to an object, but has not been granted those access rights. (0xc0000022)
[1227/222848.528:ERROR:exception_snapshot_win.cc(99)] thread ID 2936 not found in process
[1227/222848.561:ERROR:process_reader_win.cc(151)] SuspendThread: Access is denied. (0x5)
[1227/222848.562:ERROR:process_reader_win.cc(151)] SuspendThread: Access is denied. (0x5)
[1227/222848.562:ERROR:process_reader_win.cc(151)] SuspendThread: Access is denied. (0x5)
[1227/222848.562:ERROR:process_reader_win.cc(151)] SuspendThread: Access is denied. (0x5)
[1227/222848.562:ERROR:process_reader_win.cc(151)] SuspendThread: Access is denied. (0x5)
[1227/222848.562:ERROR:process_reader_win.cc(151)] SuspendThread: Access is denied. (0x5)
[1227/222848.562:ERROR:process_reader_win.cc(151)] SuspendThread: Access is denied. (0x5)
[1227/222848.562:ERROR:process_reader_win.cc(151)] SuspendThread: Access is denied. (0x5)
[1227/222848.562:ERROR:process_reader_win.cc(151)] SuspendThread: Access is denied. (0x5)
[1227/222848.562:ERROR:process_reader_win.cc(151)] SuspendThread: Access is denied. (0x5)
[1227/222848.562:ERROR:process_reader_win.cc(151)] SuspendThread: Access is denied. (0x5)
[1227/222848.562:ERROR:process_reader_win.cc(151)] SuspendThread: Access is denied. (0x5)
[1227/222848.562:ERROR:process_reader_win.cc(151)] SuspendThread: Access is denied. (0x5)
[1227/222848.562:ERROR:process_reader_win.cc(151)] SuspendThread: Access is denied. (0x5)
[1227/222848.562:ERROR:process_reader_win.cc(151)] SuspendThread: Access is denied. (0x5)
[1227/222848.562:ERROR:process_reader_win.cc(123)] NtOpenThread: {Access Denied} A process has requested access to an object, but has not been granted those access rights. (0xc0000022)
[1227/222848.562:ERROR:exception_snapshot_win.cc(99)] thread ID 19936 not found in process
[1227/222848.568:ERROR:process_reader_win.cc(151)] SuspendThread: Access is denied. (0x5)
[1227/222848.568:ERROR:process_reader_win.cc(151)] SuspendThread: Access is denied. (0x5)
[1227/222848.568:ERROR:process_reader_win.cc(151)] SuspendThread: Access is denied. (0x5)
[1227/222848.568:ERROR:process_reader_win.cc(151)] SuspendThread: Access is denied. (0x5)
[1227/222848.569:ERROR:process_reader_win.cc(151)] SuspendThread: Access is denied. (0x5)
[1227/222848.569:ERROR:process_reader_win.cc(151)] SuspendThread: Access is denied. (0x5)
[1227/222848.569:ERROR:process_reader_win.cc(151)] SuspendThread: Access is denied. (0x5)
[1227/222848.569:ERROR:process_reader_win.cc(151)] SuspendThread: Access is denied. (0x5)
[1227/222848.569:ERROR:process_reader_win.cc(151)] SuspendThread: Access is denied. (0x5)
[1227/222848.569:ERROR:process_reader_win.cc(151)] SuspendThread: Access is denied. (0x5)
[1227/222848.570:ERROR:process_reader_win.cc(151)] SuspendThread: Access is denied. (0x5)
[1227/222848.570:ERROR:process_reader_win.cc(151)] SuspendThread: Access is denied. (0x5)
[1227/222848.570:ERROR:process_reader_win.cc(151)] SuspendThread: Access is denied. (0x5)
[1227/222848.570:ERROR:process_reader_win.cc(151)] SuspendThread: Access is denied. (0x5)
[1227/222848.570:ERROR:process_reader_win.cc(123)] NtOpenThread: {Access Denied} A process has requested access to an object, but has not been granted those access rights. (0xc0000022)
[1227/222848.570:ERROR:exception_snapshot_win.cc(99)] thread ID 12432 not found in process
[1227/222848.608:ERROR:process_reader_win.cc(151)] SuspendThread: Access is denied. (0x5)
[1227/222848.608:ERROR:process_reader_win.cc(151)] SuspendThread: Access is denied. (0x5)
[1227/222848.608:ERROR:process_reader_win.cc(151)] SuspendThread: Access is denied. (0x5)
[1227/222848.608:ERROR:process_reader_win.cc(151)] SuspendThread: Access is denied. (0x5)
[1227/222848.609:ERROR:process_reader_win.cc(151)] SuspendThread: Access is denied. (0x5)
[1227/222848.609:ERROR:process_reader_win.cc(151)] SuspendThread: Access is denied. (0x5)
[1227/222848.609:ERROR:process_reader_win.cc(151)] SuspendThread: Access is denied. (0x5)
[1227/222848.609:ERROR:process_reader_win.cc(151)] SuspendThread: Access is denied. (0x5)
[1227/222848.609:ERROR:process_reader_win.cc(151)] SuspendThread: Access is denied. (0x5)
[1227/222848.609:ERROR:process_reader_win.cc(151)] SuspendThread: Access is denied. (0x5)
[1227/222848.609:ERROR:process_reader_win.cc(151)] SuspendThread: Access is denied. (0x5)
[1227/222848.609:ERROR:process_reader_win.cc(151)] SuspendThread: Access is denied. (0x5)
[1227/222848.609:ERROR:process_reader_win.cc(151)] SuspendThread: Access is denied. (0x5)
[1227/222848.609:ERROR:process_reader_win.cc(123)] NtOpenThread: {Access Denied} A process has requested access to an object, but has not been granted those access rights. (0xc0000022)
[1227/222848.609:ERROR:exception_snapshot_win.cc(99)] thread ID 20200 not found in process
[1227/222848.617:ERROR:process_reader_win.cc(151)] SuspendThread: Access is denied. (0x5)
[1227/222848.617:ERROR:process_reader_win.cc(151)] SuspendThread: Access is denied. (0x5)
[1227/222848.617:ERROR:process_reader_win.cc(151)] SuspendThread: Access is denied. (0x5)
[1227/222848.617:ERROR:process_reader_win.cc(151)] SuspendThread: Access is denied. (0x5)
[1227/222848.617:ERROR:process_reader_win.cc(151)] SuspendThread: Access is denied. (0x5)
[1227/222848.617:ERROR:process_reader_win.cc(151)] SuspendThread: Access is denied. (0x5)
[1227/222848.617:ERROR:process_reader_win.cc(151)] SuspendThread: Access is denied. (0x5)
[1227/222848.617:ERROR:process_reader_win.cc(151)] SuspendThread: Access is denied. (0x5)
[1227/222848.617:ERROR:process_reader_win.cc(151)] SuspendThread: Access is denied. (0x5)
[1227/222848.618:ERROR:process_reader_win.cc(151)] SuspendThread: Access is denied. (0x5)
[1227/222848.618:ERROR:process_reader_win.cc(151)] SuspendThread: Access is denied. (0x5)
[1227/222848.618:ERROR:process_reader_win.cc(151)] SuspendThread: Access is denied. (0x5)
[1227/222848.618:ERROR:process_reader_win.cc(151)] SuspendThread: Access is denied. (0x5)
[1227/222848.618:ERROR:process_reader_win.cc(151)] SuspendThread: Access is denied. (0x5)
[1227/222848.618:ERROR:process_reader_win.cc(123)] NtOpenThread: {Access Denied} A process has requested access to an object, but has not been granted those access rights. (0xc0000022)
[1227/222848.618:ERROR:exception_snapshot_win.cc(99)] thread ID 19236 not found in process
[1227/222848.628:ERROR:process_reader_win.cc(151)] SuspendThread: Access is denied. (0x5)
[1227/222848.628:ERROR:process_reader_win.cc(151)] SuspendThread: Access is denied. (0x5)
[1227/222848.628:ERROR:process_reader_win.cc(151)] SuspendThread: Access is denied. (0x5)
[1227/222848.628:ERROR:process_reader_win.cc(151)] SuspendThread: Access is denied. (0x5)
[1227/222848.628:ERROR:process_reader_win.cc(151)] SuspendThread: Access is denied. (0x5)
[1227/222848.628:ERROR:process_reader_win.cc(151)] SuspendThread: Access is denied. (0x5)
[1227/222848.628:ERROR:process_reader_win.cc(151)] SuspendThread: Access is denied. (0x5)
[1227/222848.628:ERROR:process_reader_win.cc(151)] SuspendThread: Access is denied. (0x5)
[1227/222848.628:ERROR:process_reader_win.cc(151)] SuspendThread: Access is denied. (0x5)
[1227/222848.628:ERROR:process_reader_win.cc(151)] SuspendThread: Access is denied. (0x5)
[1227/222848.628:ERROR:process_reader_win.cc(151)] SuspendThread: Access is denied. (0x5)
[1227/222848.628:ERROR:process_reader_win.cc(151)] SuspendThread: Access is denied. (0x5)
[1227/222848.628:ERROR:process_reader_win.cc(151)] SuspendThread: Access is denied. (0x5)
[1227/222848.628:ERROR:process_reader_win.cc(151)] SuspendThread: Access is denied. (0x5)
[1227/222848.629:ERROR:process_reader_win.cc(151)] SuspendThread: Access is denied. (0x5)
[1227/222848.629:ERROR:process_reader_win.cc(151)] SuspendThread: Access is denied. (0x5)
[1227/222848.629:ERROR:process_reader_win.cc(151)] SuspendThread: Access is denied. (0x5)
[1227/222848.629:ERROR:process_reader_win.cc(151)] SuspendThread: Access is denied. (0x5)
[1227/222848.629:ERROR:process_reader_win.cc(123)] NtOpenThread: {Access Denied} A process has requested access to an object, but has not been granted those access rights. (0xc0000022)
[1227/222848.629:ERROR:exception_snapshot_win.cc(99)] thread ID 18096 not found in process
[1227/222848.653:ERROR:process_reader_win.cc(151)] SuspendThread: Access is denied. (0x5)
[1227/222848.653:ERROR:process_reader_win.cc(151)] SuspendThread: Access is denied. (0x5)
[1227/222848.653:ERROR:process_reader_win.cc(151)] SuspendThread: Access is denied. (0x5)
[1227/222848.653:ERROR:process_reader_win.cc(151)] SuspendThread: Access is denied. (0x5)
[1227/222848.653:ERROR:process_reader_win.cc(151)] SuspendThread: Access is denied. (0x5)
[1227/222848.653:ERROR:process_reader_win.cc(151)] SuspendThread: Access is denied. (0x5)
[1227/222848.653:ERROR:process_reader_win.cc(151)] SuspendThread: Access is denied. (0x5)
[1227/222848.653:ERROR:process_reader_win.cc(151)] SuspendThread: Access is denied. (0x5)
[1227/222848.653:ERROR:process_reader_win.cc(151)] SuspendThread: Access is denied. (0x5)
[1227/222848.653:ERROR:process_reader_win.cc(151)] SuspendThread: Access is denied. (0x5)
[1227/222848.653:ERROR:process_reader_win.cc(151)] SuspendThread: Access is denied. (0x5)
[1227/222848.653:ERROR:process_reader_win.cc(151)] SuspendThread: Access is denied. (0x5)
[1227/222848.653:ERROR:process_reader_win.cc(151)] SuspendThread: Access is denied. (0x5)
[1227/222848.653:ERROR:process_reader_win.cc(123)] NtOpenThread: {Access Denied} A process has requested access to an object, but has not been granted those access rights. (0xc0000022)
[1227/222848.653:ERROR:exception_snapshot_win.cc(99)] thread ID 6592 not found in process
[1227/222848.667:ERROR:process_reader_win.cc(151)] SuspendThread: Access is denied. (0x5)
[1227/222848.667:ERROR:process_reader_win.cc(151)] SuspendThread: Access is denied. (0x5)
[1227/222848.667:ERROR:process_reader_win.cc(151)] SuspendThread: Access is denied. (0x5)
[1227/222848.667:ERROR:process_reader_win.cc(151)] SuspendThread: Access is denied. (0x5)
[1227/222848.667:ERROR:process_reader_win.cc(151)] SuspendThread: Access is denied. (0x5)
[1227/222848.667:ERROR:process_reader_win.cc(151)] SuspendThread: Access is denied. (0x5)
[1227/222848.667:ERROR:process_reader_win.cc(151)] SuspendThread: Access is denied. (0x5)
[1227/222848.667:ERROR:process_reader_win.cc(151)] SuspendThread: Access is denied. (0x5)
[1227/222848.667:ERROR:process_reader_win.cc(151)] SuspendThread: Access is denied. (0x5)
[1227/222848.667:ERROR:process_reader_win.cc(151)] SuspendThread: Access is denied. (0x5)
[1227/222848.667:ERROR:process_reader_win.cc(151)] SuspendThread: Access is denied. (0x5)
[1227/222848.667:ERROR:process_reader_win.cc(151)] SuspendThread: Access is denied. (0x5)
[1227/222848.668:ERROR:process_reader_win.cc(151)] SuspendThread: Access is denied. (0x5)
[1227/222848.668:ERROR:process_reader_win.cc(123)] NtOpenThread: {Access Denied} A process has requested access to an object, but has not been granted those access rights. (0xc0000022)
[1227/222848.668:ERROR:exception_snapshot_win.cc(99)] thread ID 18952 not found in process
[1227/222848.669:ERROR:process_reader_win.cc(151)] SuspendThread: Access is denied. (0x5)
[1227/222848.669:ERROR:process_reader_win.cc(151)] SuspendThread: Access is denied. (0x5)
[1227/222848.669:ERROR:process_reader_win.cc(151)] SuspendThread: Access is denied. (0x5)
[1227/222848.669:ERROR:process_reader_win.cc(151)] SuspendThread: Access is denied. (0x5)
[1227/222848.669:ERROR:process_reader_win.cc(151)] SuspendThread: Access is denied. (0x5)
[1227/222848.669:ERROR:process_reader_win.cc(151)] SuspendThread: Access is denied. (0x5)
[1227/222848.669:ERROR:process_reader_win.cc(151)] SuspendThread: Access is denied. (0x5)
[1227/222848.669:ERROR:process_reader_win.cc(151)] SuspendThread: Access is denied. (0x5)
[1227/222848.669:ERROR:process_reader_win.cc(151)] SuspendThread: Access is denied. (0x5)
[1227/222848.669:ERROR:process_reader_win.cc(151)] SuspendThread: Access is denied. (0x5)
[1227/222848.669:ERROR:process_reader_win.cc(151)] SuspendThread: Access is denied. (0x5)
[1227/222848.669:ERROR:process_reader_win.cc(151)] SuspendThread: Access is denied. (0x5)
[1227/222848.669:ERROR:process_reader_win.cc(151)] SuspendThread: Access is denied. (0x5)
[1227/222848.670:ERROR:process_reader_win.cc(151)] SuspendThread: Access is denied. (0x5)
[1227/222848.670:ERROR:process_reader_win.cc(151)] SuspendThread: Access is denied. (0x5)
[1227/222848.670:ERROR:process_reader_win.cc(123)] NtOpenThread: {Access Denied} A process has requested access to an object, but has not been granted those access rights. (0xc0000022)
[1227/222848.670:ERROR:exception_snapshot_win.cc(99)] thread ID 18888 not found in process
[1227/222848.694:ERROR:process_reader_win.cc(151)] SuspendThread: Access is denied. (0x5)
[1227/222848.694:ERROR:process_reader_win.cc(151)] SuspendThread: Access is denied. (0x5)
[1227/222848.694:ERROR:process_reader_win.cc(151)] SuspendThread: Access is denied. (0x5)
[1227/222848.694:ERROR:process_reader_win.cc(151)] SuspendThread: Access is denied. (0x5)
[1227/222848.694:ERROR:process_reader_win.cc(151)] SuspendThread: Access is denied. (0x5)
[1227/222848.695:ERROR:process_reader_win.cc(151)] SuspendThread: Access is denied. (0x5)
[1227/222848.695:ERROR:process_reader_win.cc(151)] SuspendThread: Access is denied. (0x5)
[1227/222848.695:ERROR:process_reader_win.cc(151)] SuspendThread: Access is denied. (0x5)
[1227/222848.695:ERROR:process_reader_win.cc(151)] SuspendThread: Access is denied. (0x5)
[1227/222848.695:ERROR:process_reader_win.cc(151)] SuspendThread: Access is denied. (0x5)
[1227/222848.695:ERROR:process_reader_win.cc(151)] SuspendThread: Access is denied. (0x5)
[1227/222848.695:ERROR:process_reader_win.cc(151)] SuspendThread: Access is denied. (0x5)
[1227/222848.695:ERROR:process_reader_win.cc(123)] NtOpenThread: {Access Denied} A process has requested access to an object, but has not been granted those access rights. (0xc0000022)
[1227/222848.695:ERROR:exception_snapshot_win.cc(99)] thread ID 14380 not found in process
[1227/222848.705:ERROR:process_reader_win.cc(151)] SuspendThread: Access is denied. (0x5)
[1227/222848.706:ERROR:process_reader_win.cc(151)] SuspendThread: Access is denied. (0x5)
[1227/222848.706:ERROR:process_reader_win.cc(151)] SuspendThread: Access is denied. (0x5)
[1227/222848.706:ERROR:process_reader_win.cc(151)] SuspendThread: Access is denied. (0x5)
[1227/222848.706:ERROR:process_reader_win.cc(151)] SuspendThread: Access is denied. (0x5)
[1227/222848.706:ERROR:process_reader_win.cc(151)] SuspendThread: Access is denied. (0x5)
[1227/222848.706:ERROR:process_reader_win.cc(151)] SuspendThread: Access is denied. (0x5)
[1227/222848.706:ERROR:process_reader_win.cc(151)] SuspendThread: Access is denied. (0x5)
[1227/222848.706:ERROR:process_reader_win.cc(151)] SuspendThread: Access is denied. (0x5)
[1227/222848.706:ERROR:process_reader_win.cc(151)] SuspendThread: Access is denied. (0x5)
[1227/222848.706:ERROR:process_reader_win.cc(151)] SuspendThread: Access is denied. (0x5)
[1227/222848.706:ERROR:process_reader_win.cc(151)] SuspendThread: Access is denied. (0x5)
[1227/222848.706:ERROR:process_reader_win.cc(151)] SuspendThread: Access is denied. (0x5)
[1227/222848.706:ERROR:process_reader_win.cc(123)] NtOpenThread: {Access Denied} A process has requested access to an object, but has not been granted those access rights. (0xc0000022)
[1227/222848.706:ERROR:exception_snapshot_win.cc(99)] thread ID 19572 not found in process
[1228/101235.864:ERROR:directory_reader_win.cc(43)] FindFirstFile: The system cannot find the path specified. (0x3)
[1229/102108.730:ERROR:directory_reader_win.cc(43)] FindFirstFile: The system cannot find the path specified. (0x3)
[1231/135337.090:ERROR:directory_reader_win.cc(43)] FindFirstFile: The system cannot find the path specified. (0x3)
[0101/122835.777:ERROR:directory_reader_win.cc(43)] FindFirstFile: The system cannot find the path specified. (0x3)
[0102/113552.433:ERROR:directory_reader_win.cc(43)] FindFirstFile: The system cannot find the path specified. (0x3)
[0104/171620.931:ERROR:directory_reader_win.cc(43)] FindFirstFile: The system cannot find the path specified. (0x3)
[0105/102529.023:ERROR:directory_reader_win.cc(43)] FindFirstFile: The system cannot find the path specified. (0x3)
[0106/181658.087:ERROR:directory_reader_win.cc(43)] FindFirstFile: The system cannot find the path specified. (0x3)
[0111/103834.984:ERROR:directory_reader_win.cc(43)] FindFirstFile: The system cannot find the path specified. (0x3)
[0112/012410.409:ERROR:process_reader_win.cc(123)] NtOpenThread: {Access Denied} A process has requested access to an object, but has not been granted those access rights. (0xc0000022)
[0112/012410.415:ERROR:exception_snapshot_win.cc(99)] thread ID 18340 not found in process
[0112/113003.254:ERROR:directory_reader_win.cc(43)] FindFirstFile: The system cannot find the path specified. (0x3)
[0113/105915.646:ERROR:directory_reader_win.cc(43)] FindFirstFile: The system cannot find the path specified. (0x3)
[0117/180855.862:ERROR:directory_reader_win.cc(43)] FindFirstFile: The system cannot find the path specified. (0x3)
[0117/210253.603:ERROR:process_reader_win.cc(151)] SuspendThread: Access is denied. (0x5)
[0117/210253.603:ERROR:process_reader_win.cc(151)] SuspendThread: Access is denied. (0x5)
[0117/210253.603:ERROR:process_reader_win.cc(151)] SuspendThread: Access is denied. (0x5)
[0117/210253.603:ERROR:process_reader_win.cc(151)] SuspendThread: Access is denied. (0x5)
[0117/210253.603:ERROR:process_reader_win.cc(151)] SuspendThread: Access is denied. (0x5)
[0117/210253.604:ERROR:process_reader_win.cc(151)] SuspendThread: Access is denied. (0x5)
[0117/210253.604:ERROR:process_reader_win.cc(151)] SuspendThread: Access is denied. (0x5)
[0117/210253.604:ERROR:process_reader_win.cc(151)] SuspendThread: Access is denied. (0x5)
[0117/210253.604:ERROR:process_reader_win.cc(151)] SuspendThread: Access is denied. (0x5)
[0117/210253.604:ERROR:process_reader_win.cc(151)] SuspendThread: Access is denied. (0x5)
[0117/210253.604:ERROR:process_reader_win.cc(151)] SuspendThread: Access is denied. (0x5)
[0117/210253.604:ERROR:process_reader_win.cc(151)] SuspendThread: Access is denied. (0x5)
[0117/210253.604:ERROR:process_reader_win.cc(151)] SuspendThread: Access is denied. (0x5)
[0117/210253.604:ERROR:process_reader_win.cc(151)] SuspendThread: Access is denied. (0x5)
[0117/210253.604:ERROR:process_reader_win.cc(123)] NtOpenThread: {Access Denied} A process has requested access to an object, but has not been granted those access rights. (0xc0000022)
[0117/210253.607:ERROR:exception_snapshot_win.cc(99)] thread ID 12184 not found in process
[0117/210254.902:ERROR:process_reader_win.cc(151)] SuspendThread: Access is denied. (0x5)
[0117/210254.902:ERROR:process_reader_win.cc(151)] SuspendThread: Access is denied. (0x5)
[0117/210254.902:ERROR:process_reader_win.cc(151)] SuspendThread: Access is denied. (0x5)
[0117/210254.902:ERROR:process_reader_win.cc(151)] SuspendThread: Access is denied. (0x5)
[0117/210254.902:ERROR:process_reader_win.cc(151)] SuspendThread: Access is denied. (0x5)
[0117/210254.902:ERROR:process_reader_win.cc(151)] SuspendThread: Access is denied. (0x5)
[0117/210254.902:ERROR:process_reader_win.cc(151)] SuspendThread: Access is denied. (0x5)
[0117/210254.903:ERROR:process_reader_win.cc(151)] SuspendThread: Access is denied. (0x5)
[0117/210254.903:ERROR:process_reader_win.cc(151)] SuspendThread: Access is denied. (0x5)
[0117/210254.903:ERROR:process_reader_win.cc(151)] SuspendThread: Access is denied. (0x5)
[0117/210254.903:ERROR:process_reader_win.cc(151)] SuspendThread: Access is denied. (0x5)
[0117/210254.903:ERROR:process_reader_win.cc(151)] SuspendThread: Access is denied. (0x5)
[0117/210254.903:ERROR:process_reader_win.cc(151)] SuspendThread: Access is denied. (0x5)
[0117/210254.903:ERROR:process_reader_win.cc(123)] NtOpenThread: {Access Denied} A process has requested access to an object, but has not been granted those access rights. (0xc0000022)
[0117/210254.903:ERROR:exception_snapshot_win.cc(99)] thread ID 4508 not found in process
[0118/103843.393:ERROR:directory_reader_win.cc(43)] FindFirstFile: The system cannot find the path specified. (0x3)
[0118/131340.421:ERROR:directory_reader_win.cc(43)] FindFirstFile: The system cannot find the path specified. (0x3)
[0120/132644.520:ERROR:directory_reader_win.cc(43)] FindFirstFile: The system cannot find the path specified. (0x3)
[0121/120200.343:ERROR:directory_reader_win.cc(43)] FindFirstFile: The system cannot find the path specified. (0x3)
[0121/214709.118:ERROR:process_reader_win.cc(151)] SuspendThread: Access is denied. (0x5)
[0121/214709.121:ERROR:process_reader_win.cc(151)] SuspendThread: Access is denied. (0x5)
[0121/214709.121:ERROR:process_reader_win.cc(123)] NtOpenThread: {Access Denied} A process has requested access to an object, but has not been granted those access rights. (0xc0000022)
[0121/214709.125:ERROR:exception_snapshot_win.cc(99)] thread ID 1540 not found in process
[0121/214709.277:ERROR:process_reader_win.cc(151)] SuspendThread: Access is denied. (0x5)
[0121/214709.277:ERROR:process_reader_win.cc(151)] SuspendThread: Access is denied. (0x5)
[0121/214709.277:ERROR:process_reader_win.cc(151)] SuspendThread: Access is denied. (0x5)
[0121/214709.277:ERROR:process_reader_win.cc(151)] SuspendThread: Access is denied. (0x5)
[0121/214709.277:ERROR:process_reader_win.cc(151)] SuspendThread: Access is denied. (0x5)
[0121/214709.277:ERROR:process_reader_win.cc(151)] SuspendThread: Access is denied. (0x5)
[0121/214709.278:ERROR:process_reader_win.cc(151)] SuspendThread: Access is denied. (0x5)
[0121/214709.278:ERROR:process_reader_win.cc(151)] SuspendThread: Access is denied. (0x5)
[0121/214709.278:ERROR:process_reader_win.cc(151)] SuspendThread: Access is denied. (0x5)
[0121/214709.278:ERROR:process_reader_win.cc(151)] SuspendThread: Access is denied. (0x5)
[0121/214709.278:ERROR:process_reader_win.cc(151)] SuspendThread: Access is denied. (0x5)
[0121/214709.278:ERROR:process_reader_win.cc(151)] SuspendThread: Access is denied. (0x5)
[0121/214709.279:ERROR:process_reader_win.cc(151)] SuspendThread: Access is denied. (0x5)
[0121/214709.279:ERROR:process_reader_win.cc(151)] SuspendThread: Access is denied. (0x5)
[0121/214709.279:ERROR:process_reader_win.cc(123)] NtOpenThread: {Access Denied} A process has requested access to an object, but has not been granted those access rights. (0xc0000022)
[0121/214709.282:ERROR:exception_snapshot_win.cc(99)] thread ID 21960 not found in process
[0121/214709.477:ERROR:process_reader_win.cc(151)] SuspendThread: Access is denied. (0x5)
[0121/214709.478:ERROR:process_reader_win.cc(151)] SuspendThread: Access is denied. (0x5)
[0121/214709.478:ERROR:process_reader_win.cc(151)] SuspendThread: Access is denied. (0x5)
[0121/214709.478:ERROR:process_reader_win.cc(151)] SuspendThread: Access is denied. (0x5)
[0121/214709.478:ERROR:process_reader_win.cc(151)] SuspendThread: Access is denied. (0x5)
[0121/214709.478:ERROR:process_reader_win.cc(151)] SuspendThread: Access is denied. (0x5)
[0121/214709.478:ERROR:process_reader_win.cc(151)] SuspendThread: Access is denied. (0x5)
[0121/214709.479:ERROR:process_reader_win.cc(151)] SuspendThread: Access is denied. (0x5)
[0121/214709.479:ERROR:process_reader_win.cc(151)] SuspendThread: Access is denied. (0x5)
[0121/214709.479:ERROR:process_reader_win.cc(151)] SuspendThread: Access is denied. (0x5)
[0121/214709.479:ERROR:process_reader_win.cc(151)] SuspendThread: Access is denied. (0x5)
[0121/214709.479:ERROR:process_reader_win.cc(151)] SuspendThread: Access is denied. (0x5)
[0121/214709.479:ERROR:process_reader_win.cc(151)] SuspendThread: Access is denied. (0x5)
[0121/214709.479:ERROR:process_reader_win.cc(151)] SuspendThread: Access is denied. (0x5)
[0121/214709.480:ERROR:process_reader_win.cc(151)] SuspendThread: Access is denied. (0x5)
[0121/214709.480:ERROR:process_reader_win.cc(151)] SuspendThread: Access is denied. (0x5)
[0121/214709.480:ERROR:process_reader_win.cc(123)] NtOpenThread: {Access Denied} A process has requested access to an object, but has not been granted those access rights. (0xc0000022)
[0121/214709.486:ERROR:exception_snapshot_win.cc(99)] thread ID 5228 not found in process
[0121/214709.502:ERROR:process_reader_win.cc(151)] SuspendThread: Access is denied. (0x5)
[0121/214709.503:ERROR:process_reader_win.cc(151)] SuspendThread: Access is denied. (0x5)
[0121/214709.504:ERROR:process_reader_win.cc(151)] SuspendThread: Access is denied. (0x5)
[0121/214709.505:ERROR:process_reader_win.cc(151)] SuspendThread: Access is denied. (0x5)
[0121/214709.505:ERROR:process_reader_win.cc(151)] SuspendThread: Access is denied. (0x5)
[0121/214709.505:ERROR:process_reader_win.cc(151)] SuspendThread: Access is denied. (0x5)
[0121/214709.505:ERROR:process_reader_win.cc(151)] SuspendThread: Access is denied. (0x5)
[0121/214709.505:ERROR:process_reader_win.cc(151)] SuspendThread: Access is denied. (0x5)
[0121/214709.505:ERROR:process_reader_win.cc(151)] SuspendThread: Access is denied. (0x5)
[0121/214709.506:ERROR:process_reader_win.cc(151)] SuspendThread: Access is denied. (0x5)
[0121/214709.506:ERROR:process_reader_win.cc(151)] SuspendThread: Access is denied. (0x5)
[0121/214709.506:ERROR:process_reader_win.cc(151)] SuspendThread: Access is denied. (0x5)
[0121/214709.506:ERROR:process_reader_win.cc(151)] SuspendThread: Access is denied. (0x5)
[0121/214709.506:ERROR:process_reader_win.cc(151)] SuspendThread: Access is denied. (0x5)
[0121/214709.506:ERROR:process_reader_win.cc(151)] SuspendThread: Access is denied. (0x5)
[0121/214709.507:ERROR:process_reader_win.cc(123)] NtOpenThread: {Access Denied} A process has requested access to an object, but has not been granted those access rights. (0xc0000022)
[0121/214709.507:ERROR:exception_snapshot_win.cc(99)] thread ID 11228 not found in process
[0121/214709.604:ERROR:process_reader_win.cc(151)] SuspendThread: Access is denied. (0x5)
[0121/214709.604:ERROR:process_reader_win.cc(151)] SuspendThread: Access is denied. (0x5)
[0121/214709.604:ERROR:process_reader_win.cc(151)] SuspendThread: Access is denied. (0x5)
[0121/214709.604:ERROR:process_reader_win.cc(151)] SuspendThread: Access is denied. (0x5)
[0121/214709.604:ERROR:process_reader_win.cc(151)] SuspendThread: Access is denied. (0x5)
[0121/214709.605:ERROR:process_reader_win.cc(151)] SuspendThread: Access is denied. (0x5)
[0121/214709.605:ERROR:process_reader_win.cc(151)] SuspendThread: Access is denied. (0x5)
[0121/214709.605:ERROR:process_reader_win.cc(151)] SuspendThread: Access is denied. (0x5)
[0121/214709.605:ERROR:process_reader_win.cc(151)] SuspendThread: Access is denied. (0x5)
[0121/214709.605:ERROR:process_reader_win.cc(151)] SuspendThread: Access is denied. (0x5)
[0121/214709.605:ERROR:process_reader_win.cc(151)] SuspendThread: Access is denied. (0x5)
[0121/214709.606:ERROR:process_reader_win.cc(151)] SuspendThread: Access is denied. (0x5)
[0121/214709.606:ERROR:process_reader_win.cc(151)] SuspendThread: Access is denied. (0x5)
[0121/214709.606:ERROR:process_reader_win.cc(151)] SuspendThread: Access is denied. (0x5)
[0121/214709.606:ERROR:process_reader_win.cc(123)] NtOpenThread: {Access Denied} A process has requested access to an object, but has not been granted those access rights. (0xc0000022)
[0121/214709.606:ERROR:exception_snapshot_win.cc(99)] thread ID 8108 not found in process
[0121/214709.686:ERROR:process_reader_win.cc(151)] SuspendThread: Access is denied. (0x5)
[0121/214709.686:ERROR:process_reader_win.cc(151)] SuspendThread: Access is denied. (0x5)
[0121/214709.687:ERROR:process_reader_win.cc(151)] SuspendThread: Access is denied. (0x5)
[0121/214709.687:ERROR:process_reader_win.cc(151)] SuspendThread: Access is denied. (0x5)
[0121/214709.687:ERROR:process_reader_win.cc(151)] SuspendThread: Access is denied. (0x5)
[0121/214709.687:ERROR:process_reader_win.cc(151)] SuspendThread: Access is denied. (0x5)
[0121/214709.687:ERROR:process_reader_win.cc(151)] SuspendThread: Access is denied. (0x5)
[0121/214709.687:ERROR:process_reader_win.cc(151)] SuspendThread: Access is denied. (0x5)
[0121/214709.688:ERROR:process_reader_win.cc(151)] SuspendThread: Access is denied. (0x5)
[0121/214709.688:ERROR:process_reader_win.cc(151)] SuspendThread: Access is denied. (0x5)
[0121/214709.688:ERROR:process_reader_win.cc(151)] SuspendThread: Access is denied. (0x5)
[0121/214709.688:ERROR:process_reader_win.cc(151)] SuspendThread: Access is denied. (0x5)
[0121/214709.688:ERROR:process_reader_win.cc(151)] SuspendThread: Access is denied. (0x5)
[0121/214709.689:ERROR:process_reader_win.cc(151)] SuspendThread: Access is denied. (0x5)
[0121/214709.689:ERROR:process_reader_win.cc(151)] SuspendThread: Access is denied. (0x5)
[0121/214709.689:ERROR:process_reader_win.cc(151)] SuspendThread: Access is denied. (0x5)
[0121/214709.689:ERROR:process_reader_win.cc(123)] NtOpenThread: {Access Denied} A process has requested access to an object, but has not been granted those access rights. (0xc0000022)
[0121/214709.689:ERROR:exception_snapshot_win.cc(99)] thread ID 11232 not found in process
[0121/214709.703:ERROR:process_reader_win.cc(151)] SuspendThread: Access is denied. (0x5)
[0121/214709.703:ERROR:process_reader_win.cc(151)] SuspendThread: Access is denied. (0x5)
[0121/214709.703:ERROR:process_reader_win.cc(151)] SuspendThread: Access is denied. (0x5)
[0121/214709.703:ERROR:process_reader_win.cc(151)] SuspendThread: Access is denied. (0x5)
[0121/214709.704:ERROR:process_reader_win.cc(151)] SuspendThread: Access is denied. (0x5)
[0121/214709.704:ERROR:process_reader_win.cc(151)] SuspendThread: Access is denied. (0x5)
[0121/214709.704:ERROR:process_reader_win.cc(151)] SuspendThread: Access is denied. (0x5)
[0121/214709.704:ERROR:process_reader_win.cc(151)] SuspendThread: Access is denied. (0x5)
[0121/214709.704:ERROR:process_reader_win.cc(151)] SuspendThread: Access is denied. (0x5)
[0121/214709.704:ERROR:process_reader_win.cc(151)] SuspendThread: Access is denied. (0x5)
[0121/214709.704:ERROR:process_reader_win.cc(151)] SuspendThread: Access is denied. (0x5)
[0121/214709.705:ERROR:process_reader_win.cc(151)] SuspendThread: Access is denied. (0x5)
[0121/214709.705:ERROR:process_reader_win.cc(151)] SuspendThread: Access is denied. (0x5)
[0121/214709.705:ERROR:process_reader_win.cc(151)] SuspendThread: Access is denied. (0x5)
[0121/214709.705:ERROR:process_reader_win.cc(123)] NtOpenThread: {Access Denied} A process has requested access to an object, but has not been granted those access rights. (0xc0000022)
[0121/214709.705:ERROR:exception_snapshot_win.cc(99)] thread ID 2228 not found in process
[0121/214709.848:ERROR:process_reader_win.cc(151)] SuspendThread: Access is denied. (0x5)
[0121/214709.848:ERROR:process_reader_win.cc(151)] SuspendThread: Access is denied. (0x5)
[0121/214709.848:ERROR:process_reader_win.cc(151)] SuspendThread: Access is denied. (0x5)
[0121/214709.848:ERROR:process_reader_win.cc(151)] SuspendThread: Access is denied. (0x5)
[0121/214709.848:ERROR:process_reader_win.cc(151)] SuspendThread: Access is denied. (0x5)
[0121/214709.848:ERROR:process_reader_win.cc(151)] SuspendThread: Access is denied. (0x5)
[0121/214709.849:ERROR:process_reader_win.cc(151)] SuspendThread: Access is denied. (0x5)
[0121/214709.849:ERROR:process_reader_win.cc(151)] SuspendThread: Access is denied. (0x5)
[0121/214709.849:ERROR:process_reader_win.cc(151)] SuspendThread: Access is denied. (0x5)
[0121/214709.849:ERROR:process_reader_win.cc(151)] SuspendThread: Access is denied. (0x5)
[0121/214709.849:ERROR:process_reader_win.cc(151)] SuspendThread: Access is denied. (0x5)
[0121/214709.849:ERROR:process_reader_win.cc(151)] SuspendThread: Access is denied. (0x5)
[0121/214709.849:ERROR:process_reader_win.cc(151)] SuspendThread: Access is denied. (0x5)
[0121/214709.850:ERROR:process_reader_win.cc(123)] NtOpenThread: {Access Denied} A process has requested access to an object, but has not been granted those access rights. (0xc0000022)
[0121/214709.850:ERROR:exception_snapshot_win.cc(99)] thread ID 3036 not found in process
[0121/214709.861:ERROR:process_reader_win.cc(151)] SuspendThread: Access is denied. (0x5)
[0121/214709.861:ERROR:process_reader_win.cc(151)] SuspendThread: Access is denied. (0x5)
[0121/214709.861:ERROR:process_reader_win.cc(151)] SuspendThread: Access is denied. (0x5)
[0121/214709.861:ERROR:process_reader_win.cc(151)] SuspendThread: Access is denied. (0x5)
[0121/214709.861:ERROR:process_reader_win.cc(151)] SuspendThread: Access is denied. (0x5)
[0121/214709.861:ERROR:process_reader_win.cc(151)] SuspendThread: Access is denied. (0x5)
[0121/214709.862:ERROR:process_reader_win.cc(151)] SuspendThread: Access is denied. (0x5)
[0121/214709.862:ERROR:process_reader_win.cc(151)] SuspendThread: Access is denied. (0x5)
[0121/214709.862:ERROR:process_reader_win.cc(151)] SuspendThread: Access is denied. (0x5)
[0121/214709.862:ERROR:process_reader_win.cc(151)] SuspendThread: Access is denied. (0x5)
[0121/214709.862:ERROR:process_reader_win.cc(151)] SuspendThread: Access is denied. (0x5)
[0121/214709.862:ERROR:process_reader_win.cc(151)] SuspendThread: Access is denied. (0x5)
[0121/214709.862:ERROR:process_reader_win.cc(151)] SuspendThread: Access is denied. (0x5)
[0121/214709.863:ERROR:process_reader_win.cc(151)] SuspendThread: Access is denied. (0x5)
[0121/214709.863:ERROR:process_reader_win.cc(151)] SuspendThread: Access is denied. (0x5)
[0121/214709.863:ERROR:process_reader_win.cc(123)] NtOpenThread: {Access Denied} A process has requested access to an object, but has not been granted those access rights. (0xc0000022)
[0121/214709.863:ERROR:exception_snapshot_win.cc(99)] thread ID 2356 not found in process
[0121/214710.061:ERROR:process_reader_win.cc(151)] SuspendThread: Access is denied. (0x5)
[0121/214710.062:ERROR:process_reader_win.cc(151)] SuspendThread: Access is denied. (0x5)
[0121/214710.062:ERROR:process_reader_win.cc(151)] SuspendThread: Access is denied. (0x5)
[0121/214710.062:ERROR:process_reader_win.cc(151)] SuspendThread: Access is denied. (0x5)
[0121/214710.062:ERROR:process_reader_win.cc(151)] SuspendThread: Access is denied. (0x5)
[0121/214710.062:ERROR:process_reader_win.cc(151)] SuspendThread: Access is denied. (0x5)
[0121/214710.063:ERROR:process_reader_win.cc(151)] SuspendThread: Access is denied. (0x5)
[0121/214710.063:ERROR:process_reader_win.cc(151)] SuspendThread: Access is denied. (0x5)
[0121/214710.063:ERROR:process_reader_win.cc(151)] SuspendThread: Access is denied. (0x5)
[0121/214710.064:ERROR:process_reader_win.cc(151)] SuspendThread: Access is denied. (0x5)
[0121/214710.065:ERROR:process_reader_win.cc(151)] SuspendThread: Access is denied. (0x5)
[0121/214710.065:ERROR:process_reader_win.cc(151)] SuspendThread: Access is denied. (0x5)
[0121/214710.065:ERROR:process_reader_win.cc(151)] SuspendThread: Access is denied. (0x5)
[0121/214710.065:ERROR:process_reader_win.cc(151)] SuspendThread: Access is denied. (0x5)
[0121/214710.065:ERROR:process_reader_win.cc(123)] NtOpenThread: {Access Denied} A process has requested access to an object, but has not been granted those access rights. (0xc0000022)
[0121/214710.066:ERROR:exception_snapshot_win.cc(99)] thread ID 8136 not found in process
[0121/214710.400:ERROR:process_reader_win.cc(151)] SuspendThread: Access is denied. (0x5)
[0121/214710.400:ERROR:process_reader_win.cc(151)] SuspendThread: Access is denied. (0x5)
[0121/214710.400:ERROR:process_reader_win.cc(151)] SuspendThread: Access is denied. (0x5)
[0121/214710.400:ERROR:process_reader_win.cc(151)] SuspendThread: Access is denied. (0x5)
[0121/214710.400:ERROR:process_reader_win.cc(151)] SuspendThread: Access is denied. (0x5)
[0121/214710.400:ERROR:process_reader_win.cc(151)] SuspendThread: Access is denied. (0x5)
[0121/214710.401:ERROR:process_reader_win.cc(151)] SuspendThread: Access is denied. (0x5)
[0121/214710.401:ERROR:process_reader_win.cc(151)] SuspendThread: Access is denied. (0x5)
[0121/214710.401:ERROR:process_reader_win.cc(151)] SuspendThread: Access is denied. (0x5)
[0121/214710.401:ERROR:process_reader_win.cc(151)] SuspendThread: Access is denied. (0x5)
[0121/214710.401:ERROR:process_reader_win.cc(151)] SuspendThread: Access is denied. (0x5)
[0121/214710.401:ERROR:process_reader_win.cc(151)] SuspendThread: Access is denied. (0x5)
[0121/214710.401:ERROR:process_reader_win.cc(151)] SuspendThread: Access is denied. (0x5)
[0121/214710.402:ERROR:process_reader_win.cc(151)] SuspendThread: Access is denied. (0x5)
[0121/214710.402:ERROR:process_reader_win.cc(151)] SuspendThread: Access is denied. (0x5)
[0121/214710.403:ERROR:process_reader_win.cc(123)] NtOpenThread: {Access Denied} A process has requested access to an object, but has not been granted those access rights. (0xc0000022)
[0121/214710.403:ERROR:exception_snapshot_win.cc(99)] thread ID 4620 not found in process
[0123/155314.574:ERROR:directory_reader_win.cc(43)] FindFirstFile: The system cannot find the path specified. (0x3)
[0124/110816.988:ERROR:directory_reader_win.cc(43)] FindFirstFile: The system cannot find the path specified. (0x3)
[0126/114927.252:ERROR:directory_reader_win.cc(43)] FindFirstFile: The system cannot find the path specified. (0x3)
